<?xml version="1.0" encoding="utf-8"?><testsuites name="pytest tests"><testsuite name="pytest" errors="0" failures="0" skipped="0" tests="10" time="2.575" timestamp="2026-03-03T11:41:08.871767+00:00" hostname="agent-env-5961631e-97a0-4cba-8896-18f6fecc2281"><testcase classname="tests.test_reviews.TestReviewsAPI" name="test_get_public_reviews_no_auth" time="0.171" /><testcase classname="tests.test_reviews.TestReviewsAPI" name="test_reviews_contain_expected_fields" time="0.136" /><testcase classname="tests.test_reviews.TestReviewsAPI" name="test_create_review_success" time="0.516" /><testcase classname="tests.test_reviews.TestReviewsAPI" name="test_create_review_private" time="0.247" /><testcase classname="tests.test_reviews.TestReviewsAPI" name="test_create_review_without_auth" time="0.117" /><testcase classname="tests.test_reviews.TestReviewsAPI" name="test_rating_validation" time="0.212" /><testcase classname="tests.test_reviews.TestReviewsAPI" name="test_admin_get_all_reviews" time="0.100" /><testcase classname="tests.test_reviews.TestReviewsAPI" name="test_admin_reviews_without_auth" time="0.099" /><testcase classname="tests.test_reviews.TestReviewsAPI" name="test_get_user_reviews" time="0.106" /><testcase classname="tests.test_reviews.TestReviewsIntegration" name="test_full_review_flow" time="0.803" /></testsuite></testsuites>