<?xml version="1.0" encoding="utf-8"?><testsuites name="pytest tests"><testsuite name="pytest" errors="0" failures="0" skipped="0" tests="20" time="1.510" timestamp="2026-03-03T09:16:14.064235+00:00" hostname="agent-env-5961631e-97a0-4cba-8896-18f6fecc2281"><testcase classname="backend.tests.test_fitmaxpro_full.TestAuthEndpoints" name="test_auth_me_with_valid_token" time="0.226" /><testcase classname="backend.tests.test_fitmaxpro_full.TestAuthEndpoints" name="test_auth_me_without_token" time="0.120" /><testcase classname="backend.tests.test_fitmaxpro_full.TestWorkoutsAbsProgram" name="test_get_abs_workouts_french" time="0.049" /><testcase classname="backend.tests.test_fitmaxpro_full.TestWorkoutsAbsProgram" name="test_get_abs_workouts_english" time="0.047" /><testcase classname="backend.tests.test_fitmaxpro_full.TestRoutinesWarmup" name="test_get_warmup_routine_french" time="0.047" /><testcase classname="backend.tests.test_fitmaxpro_full.TestRoutinesWarmup" name="test_warmup_video_urls_are_youtube" time="0.051" /><testcase classname="backend.tests.test_fitmaxpro_full.TestReviewsEndpoints" name="test_get_reviews_public" time="0.049" /><testcase classname="backend.tests.test_fitmaxpro_full.TestReviewsEndpoints" name="test_post_review_authenticated" time="0.075" /><testcase classname="backend.tests.test_fitmaxpro_full.TestReviewsEndpoints" name="test_post_review_unauthenticated" time="0.112" /><testcase classname="backend.tests.test_fitmaxpro_full.TestReviewsEndpoints" name="test_get_reviews_after_post" time="0.052" /><testcase classname="backend.tests.test_fitmaxpro_full.TestSocialLinksEndpoints" name="test_get_social_links" time="0.050" /><testcase classname="backend.tests.test_fitmaxpro_full.TestSocialLinksEndpoints" name="test_put_social_links_authenticated" time="0.074" /><testcase classname="backend.tests.test_fitmaxpro_full.TestSocialLinksEndpoints" name="test_get_social_links_after_update" time="0.051" /><testcase classname="backend.tests.test_fitmaxpro_full.TestInactivityAlerts" name="test_send_inactivity_alerts" time="0.049" /><testcase classname="backend.tests.test_fitmaxpro_full.TestInactivityAlerts" name="test_send_inactivity_alerts_unauthenticated" time="0.097" /><testcase classname="backend.tests.test_fitmaxpro_full.TestAdminReviews" name="test_admin_get_all_reviews" time="0.052" /><testcase classname="backend.tests.test_fitmaxpro_full.TestAdminWarmupStretching" name="test_admin_get_routines" time="0.050" /><testcase classname="backend.tests.test_fitmaxpro_full.TestUserProgress" name="test_user_evolution" time="0.054" /><testcase classname="backend.tests.test_fitmaxpro_full.TestAdminSubscribers" name="test_admin_get_all_subscribers_evolution" time="0.048" /><testcase classname="backend.tests.test_fitmaxpro_full.TestAdminProgressPhotos" name="test_admin_get_progress_photos" time="0.050" /></testsuite></testsuites>