<?xml version="1.0" encoding="utf-8"?><testsuites name="pytest tests"><testsuite name="pytest" errors="0" failures="0" skipped="1" tests="19" time="5.062" timestamp="2026-03-03T11:58:22.462961+00:00" hostname="agent-env-5961631e-97a0-4cba-8896-18f6fecc2281"><testcase classname="backend.tests.test_fitmaxpro_features.TestAuthAndSession" name="test_login_success" time="0.451" /><testcase classname="backend.tests.test_fitmaxpro_features.TestReviewsPublicAccess" name="test_reviews_page_accessible_without_auth" time="0.101" /><testcase classname="backend.tests.test_fitmaxpro_features.TestReviewsPublicAccess" name="test_reviews_have_required_fields" time="0.118" /><testcase classname="backend.tests.test_fitmaxpro_features.TestReviewsBadgesAndLikes" name="test_reviews_show_verified_badge" time="0.103" /><testcase classname="backend.tests.test_fitmaxpro_features.TestReviewsBadgesAndLikes" name="test_reviews_show_vip_badge" time="0.124" /><testcase classname="backend.tests.test_fitmaxpro_features.TestReviewsBadgesAndLikes" name="test_reviews_have_likes_count" time="0.108" /><testcase classname="backend.tests.test_fitmaxpro_features.TestReviewsBadgesAndLikes" name="test_reviews_show_admin_liked_badge" time="0.098" /><testcase classname="backend.tests.test_fitmaxpro_features.TestReviewsBadgesAndLikes" name="test_subscriber_can_like_review" time="0.667" /><testcase classname="backend.tests.test_fitmaxpro_features.TestReviewsBadgesAndLikes" name="test_unauthenticated_cannot_like" time="0.212" /><testcase classname="backend.tests.test_fitmaxpro_features.TestAdminReviewsPanel" name="test_admin_get_all_reviews" time="0.445" /><testcase classname="backend.tests.test_fitmaxpro_features.TestAdminReviewsPanel" name="test_admin_can_like_review" time="0.307" /><testcase classname="backend.tests.test_fitmaxpro_features.TestAdminReviewsPanel" name="test_admin_can_respond_to_review" time="0.103"><skipped type="pytest.skip" message="All reviews already have responses">/app/backend/tests/test_fitmaxpro_features.py:251: All reviews already have responses</skipped></testcase><testcase classname="backend.tests.test_fitmaxpro_features.TestReviewCreationAndPoints" name="test_create_review_gives_points" time="0.458" /><testcase classname="backend.tests.test_fitmaxpro_features.TestReviewCreationAndPoints" name="test_only_active_subscribers_can_review" time="0.101" /><testcase classname="backend.tests.test_fitmaxpro_features.TestReviewCreationAndPoints" name="test_review_has_verified_subscriber_flag" time="0.214" /><testcase classname="backend.tests.test_fitmaxpro_features.TestRunningPointsAutomation" name="test_running_log_gives_base_points" time="0.444" /><testcase classname="backend.tests.test_fitmaxpro_features.TestRunningPointsAutomation" name="test_running_5k_bonus" time="0.115" /><testcase classname="backend.tests.test_fitmaxpro_features.TestRunningPointsAutomation" name="test_running_10k_bonus" time="0.112" /><testcase classname="backend.tests.test_fitmaxpro_features.TestCleanup" name="test_cleanup_test_reviews" time="0.699" /></testsuite></testsuites>