<?xml version="1.0" encoding="utf-8"?><testsuites name="pytest tests"><testsuite name="pytest" errors="0" failures="0" skipped="0" tests="10" time="5.601" timestamp="2026-03-03T12:20:35.086946+00:00" hostname="agent-env-5961631e-97a0-4cba-8896-18f6fecc2281"><testcase classname="tests.test_weekly_emails.TestWeeklyEmailAPIs" name="test_get_weekly_email_settings_returns_default" time="0.572" /><testcase classname="tests.test_weekly_emails.TestWeeklyEmailAPIs" name="test_update_weekly_email_settings" time="0.539" /><testcase classname="tests.test_weekly_emails.TestWeeklyEmailAPIs" name="test_update_settings_with_disabled" time="0.438" /><testcase classname="tests.test_weekly_emails.TestWeeklyEmailAPIs" name="test_get_user_weekly_stats" time="0.404" /><testcase classname="tests.test_weekly_emails.TestWeeklyEmailAPIs" name="test_weekly_stats_requires_auth" time="0.488" /><testcase classname="tests.test_weekly_emails.TestWeeklyEmailAPIs" name="test_send_weekly_emails" time="1.213" /><testcase classname="tests.test_weekly_emails.TestWeeklyEmailAPIs" name="test_send_weekly_emails_requires_admin" time="0.466" /><testcase classname="tests.test_weekly_emails.TestWeeklyEmailAPIs" name="test_get_email_history" time="0.403" /><testcase classname="tests.test_weekly_emails.TestWeeklyEmailAPIs" name="test_email_history_requires_admin" time="0.485" /><testcase classname="tests.test_weekly_emails.TestWeeklyEmailAPIs" name="test_settings_requires_admin" time="0.523" /></testsuite></testsuites>