<?xml version="1.0" encoding="utf-8"?><testsuites name="pytest tests"><testsuite name="pytest" errors="0" failures="0" skipped="0" tests="11" time="1.416" timestamp="2026-03-03T10:49:41.006854+00:00" hostname="agent-env-5961631e-97a0-4cba-8896-18f6fecc2281"><testcase classname="backend.tests.test_running.TestRunningEndpoints" name="test_01_running_log_creates_run" time="0.138" /><testcase classname="backend.tests.test_running.TestRunningEndpoints" name="test_02_running_history_returns_runs" time="0.106" /><testcase classname="backend.tests.test_running.TestRunningEndpoints" name="test_03_running_stats_returns_statistics" time="0.106" /><testcase classname="backend.tests.test_running.TestRunningEndpoints" name="test_04_get_specific_run" time="0.108" /><testcase classname="backend.tests.test_running.TestRunningEndpoints" name="test_05_delete_run" time="0.218" /><testcase classname="backend.tests.test_running.TestAdminRunningEndpoints" name="test_admin_running_all" time="0.113" /><testcase classname="backend.tests.test_running.TestAdminRunningEndpoints" name="test_admin_running_stats" time="0.104" /><testcase classname="backend.tests.test_running.TestAdminRunningEndpoints" name="test_admin_running_user_detail" time="0.115" /><testcase classname="backend.tests.test_running.TestUnauthorizedAccess" name="test_running_log_without_auth" time="0.096" /><testcase classname="backend.tests.test_running.TestUnauthorizedAccess" name="test_running_history_without_auth" time="0.110" /><testcase classname="backend.tests.test_running.TestUnauthorizedAccess" name="test_running_stats_without_auth" time="0.102" /></testsuite></testsuites>