<?xml version="1.0" encoding="utf-8"?><testsuites name="pytest tests"><testsuite name="pytest" errors="0" failures="0" skipped="0" tests="18" time="3.132" timestamp="2026-03-02T19:20:53.230896+00:00" hostname="agent-env-5961631e-97a0-4cba-8896-18f6fecc2281"><testcase classname="tests.test_routines_api.TestRoutinesPublicEndpoints" name="test_get_warmup_routine_french" time="0.165" /><testcase classname="tests.test_routines_api.TestRoutinesPublicEndpoints" name="test_get_warmup_routine_english" time="0.100" /><testcase classname="tests.test_routines_api.TestRoutinesPublicEndpoints" name="test_get_stretching_routine_french" time="0.092" /><testcase classname="tests.test_routines_api.TestRoutinesPublicEndpoints" name="test_get_stretching_routine_english" time="0.056" /><testcase classname="tests.test_routines_api.TestRoutinesPublicEndpoints" name="test_invalid_routine_type" time="0.059" /><testcase classname="tests.test_routines_api.TestAdminRoutinesEndpoints" name="test_admin_get_all_routines" time="0.379" /><testcase classname="tests.test_routines_api.TestAdminRoutinesEndpoints" name="test_admin_update_routine_exercise" time="0.193" /><testcase classname="tests.test_routines_api.TestAdminRoutinesEndpoints" name="test_admin_add_and_delete_routine_exercise" time="0.295" /><testcase classname="tests.test_routines_api.TestAdminRoutinesEndpoints" name="test_admin_update_invalid_exercise_index" time="0.053" /><testcase classname="tests.test_routines_api.TestAdminRoutinesEndpoints" name="test_admin_update_nonexistent_routine" time="0.066" /><testcase classname="tests.test_routines_api.TestRoutineSessionTracking" name="test_start_warmup_session" time="0.061" /><testcase classname="tests.test_routines_api.TestRoutineSessionTracking" name="test_end_warmup_session" time="1.061" /><testcase classname="tests.test_routines_api.TestRoutineSessionTracking" name="test_start_stretching_session" time="0.055" /><testcase classname="tests.test_routines_api.TestRoutineSessionTracking" name="test_end_stretching_session_incomplete" time="0.064" /><testcase classname="tests.test_routines_api.TestRoutineSessionTracking" name="test_start_invalid_routine_type" time="0.055" /><testcase classname="tests.test_routines_api.TestRoutineSessionTracking" name="test_end_nonexistent_session" time="0.079" /><testcase classname="tests.test_routines_api.TestAdminAccessControl" name="test_admin_routines_without_auth" time="0.109" /><testcase classname="tests.test_routines_api.TestAdminAccessControl" name="test_routine_session_without_auth" time="0.112" /></testsuite></testsuites>