<?xml version="1.0" encoding="utf-8"?><testsuites name="pytest tests"><testsuite name="pytest" errors="0" failures="0" skipped="0" tests="6" time="1.904" timestamp="2026-03-03T13:18:32.601617+00:00" hostname="agent-env-5961631e-97a0-4cba-8896-18f6fecc2281"><testcase classname="backend.tests.test_live_request.TestLiveRequestAPI" name="test_create_live_request_with_category" time="0.717" /><testcase classname="backend.tests.test_live_request.TestLiveRequestAPI" name="test_create_live_request_with_category_and_exercise_type" time="0.139" /><testcase classname="backend.tests.test_live_request.TestLiveRequestAPI" name="test_create_live_request_requires_auth" time="0.113" /><testcase classname="backend.tests.test_live_request.TestLiveRequestAPI" name="test_get_user_own_requests" time="0.130" /><testcase classname="backend.tests.test_live_request.TestLiveRequestAPI" name="test_get_admin_all_requests" time="0.105" /><testcase classname="backend.tests.test_live_request.TestLiveRequestAPI" name="test_request_has_correct_fields" time="0.617" /></testsuite></testsuites>