<?xml version="1.0" encoding="utf-8"?><testsuites name="pytest tests"><testsuite name="pytest" errors="0" failures="0" skipped="0" tests="20" time="2.246" timestamp="2026-03-03T12:13:33.516017+00:00" hostname="agent-env-5961631e-97a0-4cba-8896-18f6fecc2281"><testcase classname="backend.tests.test_p2_features.TestInactiveUsersAPI" name="test_get_inactive_users_7_days" time="0.484" /><testcase classname="backend.tests.test_p2_features.TestInactiveUsersAPI" name="test_get_inactive_users_3_days" time="0.082" /><testcase classname="backend.tests.test_p2_features.TestInactiveUsersAPI" name="test_get_inactive_users_14_days" time="0.062" /><testcase classname="backend.tests.test_p2_features.TestInactiveUsersAPI" name="test_get_inactive_users_30_days" time="0.058" /><testcase classname="backend.tests.test_p2_features.TestInactiveUsersAPI" name="test_get_inactive_users_requires_admin" time="0.112" /><testcase classname="backend.tests.test_p2_features.TestInactiveUsersAPI" name="test_send_reminder_endpoint_exists" time="0.053" /><testcase classname="backend.tests.test_p2_features.TestInactiveUsersAPI" name="test_send_reminder_with_user_ids" time="0.050" /><testcase classname="backend.tests.test_p2_features.TestSubscriptionCancellationAPI" name="test_can_cancel_endpoint" time="0.048" /><testcase classname="backend.tests.test_p2_features.TestSubscriptionCancellationAPI" name="test_can_cancel_requires_auth" time="0.103" /><testcase classname="backend.tests.test_p2_features.TestSubscriptionCancellationAPI" name="test_request_cancel_requires_auth" time="0.104" /><testcase classname="backend.tests.test_p2_features.TestSubscriptionCancellationAPI" name="test_admin_get_cancellation_requests" time="0.057" /><testcase classname="backend.tests.test_p2_features.TestSubscriptionCancellationAPI" name="test_admin_cancellation_requires_auth" time="0.112" /><testcase classname="backend.tests.test_p2_features.TestSubscriptionCancellationAPI" name="test_process_cancellation_requires_auth" time="0.099" /><testcase classname="backend.tests.test_p2_features.TestIAPAPI" name="test_get_iap_products" time="0.066" /><testcase classname="backend.tests.test_p2_features.TestIAPAPI" name="test_iap_product_structure" time="0.053" /><testcase classname="backend.tests.test_p2_features.TestIAPAPI" name="test_verify_purchase_requires_auth" time="0.139" /><testcase classname="backend.tests.test_p2_features.TestIAPAPI" name="test_verify_purchase_mocked" time="0.048" /><testcase classname="backend.tests.test_p2_features.TestSubscriberLikeReviews" name="test_subscriber_can_like_review" time="0.105" /><testcase classname="backend.tests.test_p2_features.TestSubscriberLikeReviews" name="test_reviews_have_likes_structure" time="0.063" /><testcase classname="backend.tests.test_p2_features.TestAPISummary" name="test_all_endpoints_accessible" time="0.268" /></testsuite></testsuites>